<?xml version="1.0" encoding="UTF-8"?>
<!-- Generated by org.testng.reporters.JUnitReportReporter -->
<testsuite skipped="0" hostname="krish" name="autoit.c1" tests="1" failures="0" timestamp="2023-11-21T19:53:21 IST" time="37.069" errors="0">
  <testcase name="a1" time="37.069" classname="autoit.c1"/>
  <system-out/>
</testsuite> <!-- autoit.c1 -->
