<?xml version="1.0" encoding="UTF-8"?>
<!-- Generated by org.testng.reporters.JUnitReportReporter -->
<testsuite skipped="0" hostname="krish" name="extentreports.e1" tests="1" failures="0" timestamp="2023-11-17T19:40:50 IST" time="4.826" errors="0">
  <testcase name="extentReportsDemo" time="4.826" classname="extentreports.e1"/>
  <system-out/>
</testsuite> <!-- extentreports.e1 -->
