<?xml version="1.0" encoding="UTF-8"?>
<!-- Generated by org.testng.reporters.JUnitReportReporter -->
<testsuite skipped="0" hostname="krish" name="p2.c3" tests="1" failures="0" timestamp="2023-11-09T20:08:21 IST" time="6.228" errors="0">
  <testcase name="t3" time="6.228" classname="p2.c3"/>
  <system-out/>
</testsuite> <!-- p2.c3 -->
