<?xml version="1.0" encoding="UTF-8"?>
<!-- Generated by org.testng.reporters.JUnitReportReporter -->
<testsuite skipped="0" hostname="krish" name="p1.c1" tests="1" failures="0" timestamp="2023-11-09T20:08:21 IST" time="5.950" errors="0">
  <testcase name="t1" time="5.950" classname="p1.c1"/>
  <system-out/>
</testsuite> <!-- p1.c1 -->
