<?xml version="1.0" encoding="UTF-8"?>
<!-- Generated by org.testng.reporters.JUnitReportReporter -->
<testsuite skipped="0" hostname="krish" name="excel.e1" tests="1" failures="0" timestamp="2023-11-14T19:52:19 IST" time="0.767" errors="0">
  <testcase name="t1" time="0.767" classname="excel.e1"/>
  <system-out/>
</testsuite> <!-- excel.e1 -->
