<?xml version="1.0" encoding="UTF-8"?>
<!-- Generated by org.testng.reporters.JUnitReportReporter -->
<testsuite skipped="0" hostname="krish" name="testngdp.v1" tests="3" failures="0" timestamp="2023-11-18T09:04:15 IST" time="22.393" errors="0">
  <testcase name="DataProvSampleTest" time="6.374" classname="testngdp.v1"/>
  <system-out/>
  <testcase name="DataProvSampleTest" time="9.777" classname="testngdp.v1"/>
  <system-out/>
  <testcase name="DataProvSampleTest" time="6.242" classname="testngdp.v1"/>
  <system-out/>
</testsuite> <!-- testngdp.v1 -->
