<?xml version="1.0" encoding="UTF-8"?>
<!-- Generated by org.testng.reporters.JUnitReportReporter -->
<testsuite skipped="0" hostname="krish" name="p1.c2" tests="1" failures="0" timestamp="2023-11-14T19:31:54 IST" time="36.834" errors="0">
  <testcase name="t2" time="36.834" classname="p1.c2"/>
  <system-out/>
</testsuite> <!-- p1.c2 -->
